# JRE version: OpenJDK Runtime Environment (7.0_51) (build 1.7.0_51-b00)
# Java VM: OpenJDK 64-Bit Server VM (24.45-b08 mixed mode linux-amd64 compressed oops)
Heap
 PSYoungGen      total 873472K, used 754780K [0x00000007aaa80000, 0x0000000800000000, 0x0000000800000000)
  eden space 782848K, 87% used [0x00000007aaa80000,0x00000007d482e0c8,0x00000007da700000)
  from space 90624K, 76% used [0x00000007da700000,0x00000007dea68f50,0x00000007dff80000)
  to   space 105472K, 0% used [0x00000007f9900000,0x00000007f9900000,0x0000000800000000)
 ParOldGen       total 317952K, used 172428K [0x0000000700000000, 0x0000000713680000, 0x00000007aaa80000)
  object space 317952K, 54% used [0x0000000700000000,0x000000070a863238,0x0000000713680000)
 PSPermGen       total 168448K, used 88449K [0x0000000680000000, 0x000000068a480000, 0x0000000700000000)
  object space 168448K, 52% used [0x0000000680000000,0x00000006856605d8,0x000000068a480000)
GC Heap History (10 events):
Event: 9.644 GC heap before
{Heap before GC invocations=8 (full 0):
 PSYoungGen      total 280064K, used 280037K [0x00000007aaa80000, 0x00000007ce780000, 0x0000000800000000)
  eden space 258560K, 100% used [0x00000007aaa80000,0x00000007ba700000,0x00000007ba700000)
  from space 21504K, 99% used [0x00000007ba700000,0x00000007bbbf9568,0x00000007bbc00000)
  to   space 34816K, 0% used [0x00000007cc580000,0x00000007cc580000,0x00000007ce780000)
 ParOldGen       total 169984K, used 30220K [0x0000000700000000, 0x000000070a600000, 0x00000007aaa80000)
  object space 169984K, 17% used [0x0000000700000000,0x0000000701d832b0,0x000000070a600000)
 PSPermGen       total 57856K, used 57800K [0x0000000680000000, 0x0000000683880000, 0x0000000700000000)
  object space 57856K, 99% used [0x0000000680000000,0x00000006838720b0,0x0000000683880000)
Event: 9.686 GC heap after
Heap after GC invocations=8 (full 0):
 PSYoungGen      total 539136K, used 34812K [0x00000007aaa80000, 0x00000007d0080000, 0x0000000800000000)
  eden space 504320K, 0% used [0x00000007aaa80000,0x00000007aaa80000,0x00000007c9700000)
  from space 34816K, 99% used [0x00000007cc580000,0x00000007ce77f2b0,0x00000007ce780000)
  to   space 47616K, 0% used [0x00000007c9700000,0x00000007c9700000,0x00000007cc580000)
 ParOldGen       total 169984K, used 45150K [0x0000000700000000, 0x000000070a600000, 0x00000007aaa80000)
  object space 169984K, 26% used [0x0000000700000000,0x0000000702c17948,0x000000070a600000)
 PSPermGen       total 57856K, used 57800K [0x0000000680000000, 0x0000000683880000, 0x0000000700000000)
  object space 57856K, 99% used [0x0000000680000000,0x00000006838720b0,0x0000000683880000)
}
Event: 11.928 GC heap before
{Heap before GC invocations=9 (full 0):
 PSYoungGen      total 539136K, used 539132K [0x00000007aaa80000, 0x00000007d0080000, 0x0000000800000000)
  eden space 504320K, 100% used [0x00000007aaa80000,0x00000007c9700000,0x00000007c9700000)
  from space 34816K, 99% used [0x00000007cc580000,0x00000007ce77f2b0,0x00000007ce780000)
  to   space 47616K, 0% used [0x00000007c9700000,0x00000007c9700000,0x00000007cc580000)
 ParOldGen       total 169984K, used 45150K [0x0000000700000000, 0x000000070a600000, 0x00000007aaa80000)
  object space 169984K, 26% used [0x0000000700000000,0x0000000702c17948,0x000000070a600000)
 PSPermGen       total 70656K, used 70365K [0x0000000680000000, 0x0000000684500000, 0x0000000700000000)
  object space 70656K, 99% used [0x0000000680000000,0x00000006844b7788,0x0000000684500000)
Event: 11.981 GC heap after
Heap after GC invocations=9 (full 0):
 PSYoungGen      total 551936K, used 47601K [0x00000007aaa80000, 0x00000007e4080000, 0x0000000800000000)
  eden space 504320K, 0% used [0x00000007aaa80000,0x00000007aaa80000,0x00000007c9700000)
  from space 47616K, 99% used [0x00000007c9700000,0x00000007cc57c688,0x00000007cc580000)
  to   space 66560K, 0% used [0x00000007dff80000,0x00000007dff80000,0x00000007e4080000)
 ParOldGen       total 169984K, used 72097K [0x0000000700000000, 0x000000070a600000, 0x00000007aaa80000)
  object space 169984K, 42% used [0x0000000700000000,0x00000007046685d0,0x000000070a600000)
 PSPermGen       total 70656K, used 70365K [0x0000000680000000, 0x0000000684500000, 0x0000000700000000)
  object space 70656K, 99% used [0x0000000680000000,0x00000006844b7788,0x0000000684500000)
}
Event: 16.479 GC heap before
{Heap before GC invocations=10 (full 0):
 PSYoungGen      total 551936K, used 551921K [0x00000007aaa80000, 0x00000007e4080000, 0x0000000800000000)
  eden space 504320K, 100% used [0x00000007aaa80000,0x00000007c9700000,0x00000007c9700000)
  from space 47616K, 99% used [0x00000007c9700000,0x00000007cc57c688,0x00000007cc580000)
  to   space 66560K, 0% used [0x00000007dff80000,0x00000007dff80000,0x00000007e4080000)
 ParOldGen       total 169984K, used 72097K [0x0000000700000000, 0x000000070a600000, 0x00000007aaa80000)
  object space 169984K, 42% used [0x0000000700000000,0x00000007046685d0,0x000000070a600000)
 PSPermGen       total 80896K, used 80730K [0x0000000680000000, 0x0000000684f00000, 0x0000000700000000)
  object space 80896K, 99% used [0x0000000680000000,0x0000000684ed6898,0x0000000684f00000)
Event: 16.547 GC heap after
Heap after GC invocations=10 (full 0):
 PSYoungGen      total 849408K, used 66557K [0x00000007aaa80000, 0x00000007e6f80000, 0x0000000800000000)
  eden space 782848K, 0% used [0x00000007aaa80000,0x00000007aaa80000,0x00000007da700000)
  from space 66560K, 99% used [0x00000007dff80000,0x00000007e407f490,0x00000007e4080000)
  to   space 90624K, 0% used [0x00000007da700000,0x00000007da700000,0x00000007dff80000)
 ParOldGen       total 169984K, used 106370K [0x0000000700000000, 0x000000070a600000, 0x00000007aaa80000)
  object space 169984K, 62% used [0x0000000700000000,0x00000007067e0888,0x000000070a600000)
 PSPermGen       total 80896K, used 80730K [0x0000000680000000, 0x0000000684f00000, 0x0000000700000000)
  object space 80896K, 99% used [0x0000000680000000,0x0000000684ed6898,0x0000000684f00000)
}
Event: 47.248 GC heap before
{Heap before GC invocations=11 (full 0):
 PSYoungGen      total 849408K, used 849405K [0x00000007aaa80000, 0x00000007e6f80000, 0x0000000800000000)
  eden space 782848K, 100% used [0x00000007aaa80000,0x00000007da700000,0x00000007da700000)
  from space 66560K, 99% used [0x00000007dff80000,0x00000007e407f490,0x00000007e4080000)
  to   space 90624K, 0% used [0x00000007da700000,0x00000007da700000,0x00000007dff80000)
 ParOldGen       total 169984K, used 106370K [0x0000000700000000, 0x000000070a600000, 0x00000007aaa80000)
  object space 169984K, 62% used [0x0000000700000000,0x00000007067e0888,0x000000070a600000)
 PSPermGen       total 84480K, used 84078K [0x0000000680000000, 0x0000000685280000, 0x0000000700000000)
  object space 84480K, 99% used [0x0000000680000000,0x000000068521b8e8,0x0000000685280000)
Event: 47.330 GC heap after
Heap after GC invocations=11 (full 0):
 PSYoungGen      total 873472K, used 88998K [0x00000007aaa80000, 0x0000000800000000, 0x0000000800000000)
  eden space 782848K, 0% used [0x00000007aaa80000,0x00000007aaa80000,0x00000007da700000)
  from space 90624K, 98% used [0x00000007da700000,0x00000007dfde99b8,0x00000007dff80000)
  to   space 105472K, 0% used [0x00000007f9900000,0x00000007f9900000,0x0000000800000000)
 ParOldGen       total 172544K, used 172517K [0x0000000700000000, 0x000000070a880000, 0x00000007aaa80000)
  object space 172544K, 99% used [0x0000000700000000,0x000000070a8797b0,0x000000070a880000)
 PSPermGen       total 84480K, used 84078K [0x0000000680000000, 0x0000000685280000, 0x0000000700000000)
  object space 84480K, 99% used [0x0000000680000000,0x000000068521b8e8,0x0000000685280000)
}
Event: 47.330 GC heap before
{Heap before GC invocations=12 (full 1):
 PSYoungGen      total 873472K, used 88998K [0x00000007aaa80000, 0x0000000800000000, 0x0000000800000000)
  eden space 782848K, 0% used [0x00000007aaa80000,0x00000007aaa80000,0x00000007da700000)
  from space 90624K, 98% used [0x00000007da700000,0x00000007dfde99b8,0x00000007dff80000)
  to   space 105472K, 0% used [0x00000007f9900000,0x00000007f9900000,0x0000000800000000)
 ParOldGen       total 172544K, used 172517K [0x0000000700000000, 0x000000070a880000, 0x00000007aaa80000)
  object space 172544K, 99% used [0x0000000700000000,0x000000070a8797b0,0x000000070a880000)
 PSPermGen       total 84480K, used 84078K [0x0000000680000000, 0x0000000685280000, 0x0000000700000000)
  object space 84480K, 99% used [0x0000000680000000,0x000000068521b8e8,0x0000000685280000)
Event: 47.963 GC heap after
Heap after GC invocations=12 (full 1):
 PSYoungGen      total 873472K, used 69027K [0x00000007aaa80000, 0x0000000800000000, 0x0000000800000000)
  eden space 782848K, 0% used [0x00000007aaa80000,0x00000007aaa80000,0x00000007da700000)
  from space 90624K, 76% used [0x00000007da700000,0x00000007dea68f50,0x00000007dff80000)
  to   space 105472K, 0% used [0x00000007f9900000,0x00000007f9900000,0x0000000800000000)
 ParOldGen       total 317952K, used 172428K [0x0000000700000000, 0x0000000713680000, 0x00000007aaa80000)
  object space 317952K, 54% used [0x0000000700000000,0x000000070a863238,0x0000000713680000)
 PSPermGen       total 168448K, used 83995K [0x0000000680000000, 0x000000068a480000, 0x0000000700000000)
  object space 168448K, 49% used [0x0000000680000000,0x0000000685206e20,0x000000068a480000)
}

